build/app/intermediates/manifest_merge_blame_file/debug/manifest-merger-blame-debug-report.txt
1<?xml version="1.0" encoding="utf-8"?>
2<manifest xmlns:android="http://schemas.android.com/apk/res/android"
3    package="com.example.yy"
4    android:versionCode="1"
5    android:versionName="1.0.0" >
6
7    <uses-sdk
8        android:minSdkVersion="16"
9        android:targetSdkVersion="28" />
10    <!--
11         Flutter needs it to communicate with the running application
12         to allow setting breakpoints, to provide hot reload, etc.
13    -->
14    <uses-permission android:name="android.permission.INTERNET" />
14-->src/debug/AndroidManifest.xml:6:5-66
14-->src/debug/AndroidManifest.xml:6:22-64
15    <!--
16     io.flutter.app.FlutterApplication is an android.app.Application that
17         calls FlutterMain.startInitialization(this); in its onCreate method.
18         In most cases you can leave this as-is, but you if you want to provide
19         additional functionality it is fine to subclass or reimplement
20         FlutterApplication and put your custom class here.
21    -->
22    <uses-permission android:name="android.permission.ACCESS_FINE_LOCATION" />
22-->src/main/AndroidManifest.xml:8:10-84
22-->src/main/AndroidManifest.xml:8:27-81
23    <uses-permission android:name="android.permission.ACCESS_COARSE_LOCATION" />
23-->src/main/AndroidManifest.xml:9:10-86
23-->src/main/AndroidManifest.xml:9:27-83
24    <uses-permission android:name="android.permission.READ_EXTERNAL_STORAGE" />
24-->[:image_picker] AndroidManifest.xml:7:5-80
24-->[:image_picker] AndroidManifest.xml:7:22-77
25    <uses-permission android:name="android.permission.WRITE_EXTERNAL_STORAGE" /> <!-- Include required permissions for Google Maps API to run. -->
25-->[:image_picker] AndroidManifest.xml:8:5-81
25-->[:image_picker] AndroidManifest.xml:8:22-78
26    <uses-permission android:name="android.permission.ACCESS_NETWORK_STATE" />
26-->[com.google.android.gms:play-services-maps:17.0.0] AndroidManifest.xml:23:5-79
26-->[com.google.android.gms:play-services-maps:17.0.0] AndroidManifest.xml:23:22-76
27
28    <uses-feature
28-->[com.google.android.gms:play-services-maps:17.0.0] AndroidManifest.xml:26:5-28:35
29        android:glEsVersion="0x00020000"
29-->[com.google.android.gms:play-services-maps:17.0.0] AndroidManifest.xml:27:9-41
30        android:required="true" />
30-->[com.google.android.gms:play-services-maps:17.0.0] AndroidManifest.xml:28:9-32
31
32    <application
32-->src/main/AndroidManifest.xml:10:5-51:19
33        android:name="io.flutter.app.FlutterApplication"
33-->src/main/AndroidManifest.xml:11:9-57
34        android:appComponentFactory="androidx.core.app.CoreComponentFactory"
34-->[androidx.core:core:1.1.0] AndroidManifest.xml:24:18-86
35        android:debuggable="true"
36        android:icon="@mipmap/ic_launcher"
36-->src/main/AndroidManifest.xml:13:9-43
37        android:label="yy" >
37-->src/main/AndroidManifest.xml:12:9-27
38        <activity
38-->src/main/AndroidManifest.xml:14:9-42:20
39            android:name="com.example.yy.MainActivity"
39-->src/main/AndroidManifest.xml:15:13-41
40            android:configChanges="orientation|keyboardHidden|keyboard|screenSize|smallestScreenSize|locale|layoutDirection|fontScale|screenLayout|density|uiMode"
40-->src/main/AndroidManifest.xml:18:13-163
41            android:hardwareAccelerated="true"
41-->src/main/AndroidManifest.xml:19:13-47
42            android:launchMode="singleTop"
42-->src/main/AndroidManifest.xml:16:13-43
43            android:theme="@style/LaunchTheme"
43-->src/main/AndroidManifest.xml:17:13-47
44            android:windowSoftInputMode="adjustResize" >
44-->src/main/AndroidManifest.xml:20:13-55
45
46            <!--
47                 Specifies an Android theme to apply to this Activity as soon as
48                 the Android process has started. This theme is visible to the user
49                 while the Flutter UI initializes. After that, this theme continues
50                 to determine the Window background behind the Flutter UI.
51            -->
52            <meta-data
52-->src/main/AndroidManifest.xml:25:13-28:17
53                android:name="io.flutter.embedding.android.NormalTheme"
53-->src/main/AndroidManifest.xml:26:15-70
54                android:resource="@style/NormalTheme" />
54-->src/main/AndroidManifest.xml:27:15-52
55            <!--
56                 Displays an Android View that continues showing the launch screen
57                 Drawable until Flutter paints its first frame, then this splash
58                 screen fades out. A splash screen is useful to avoid any visual
59                 gap between the end of Android's launch screen and the painting of
60                 Flutter's first frame.
61            -->
62            <meta-data
62-->src/main/AndroidManifest.xml:34:13-37:17
63                android:name="io.flutter.embedding.android.SplashScreenDrawable"
63-->src/main/AndroidManifest.xml:35:15-79
64                android:resource="@drawable/launch_background" />
64-->src/main/AndroidManifest.xml:36:15-61
65
66            <intent-filter>
66-->src/main/AndroidManifest.xml:38:13-41:29
67                <action android:name="android.intent.action.MAIN" />
67-->src/main/AndroidManifest.xml:39:17-68
67-->src/main/AndroidManifest.xml:39:25-66
68
69                <category android:name="android.intent.category.LAUNCHER" />
69-->src/main/AndroidManifest.xml:40:17-76
69-->src/main/AndroidManifest.xml:40:27-74
70            </intent-filter>
71        </activity>
72        <!--
73             Don't delete the meta-data below.
74             This is used by the Flutter tool to generate GeneratedPluginRegistrant.java
75        -->
76        <meta-data
76-->src/main/AndroidManifest.xml:45:9-47:33
77            android:name="flutterEmbedding"
77-->src/main/AndroidManifest.xml:46:13-44
78            android:value="2" />
78-->src/main/AndroidManifest.xml:47:13-30
79        <meta-data
79-->src/main/AndroidManifest.xml:48:9-50:71
80            android:name="com.google.android.geo.API_KEY"
80-->src/main/AndroidManifest.xml:49:13-58
81            android:value="AIzaSyAaC3ggCf4buvCVZJXrsZX18sNaYrg6jxU" />
81-->src/main/AndroidManifest.xml:50:13-68
82
83        <provider
83-->[:image_picker] AndroidManifest.xml:11:9-19:20
84            android:name="io.flutter.plugins.imagepicker.ImagePickerFileProvider"
84-->[:image_picker] AndroidManifest.xml:12:13-82
85            android:authorities="com.example.yy.flutter.image_provider"
85-->[:image_picker] AndroidManifest.xml:13:13-74
86            android:exported="false"
86-->[:image_picker] AndroidManifest.xml:14:13-37
87            android:grantUriPermissions="true" >
87-->[:image_picker] AndroidManifest.xml:15:13-47
88            <meta-data
88-->[:image_picker] AndroidManifest.xml:16:13-18:75
89                android:name="android.support.FILE_PROVIDER_PATHS"
89-->[:image_picker] AndroidManifest.xml:17:17-67
90                android:resource="@xml/flutter_image_picker_file_paths" />
90-->[:image_picker] AndroidManifest.xml:18:17-72
91        </provider> <!-- Needs to be explicitly declared on P+ -->
92        <uses-library
92-->[com.google.android.gms:play-services-maps:17.0.0] AndroidManifest.xml:33:9-35:40
93            android:name="org.apache.http.legacy"
93-->[com.google.android.gms:play-services-maps:17.0.0] AndroidManifest.xml:34:13-50
94            android:required="false" />
94-->[com.google.android.gms:play-services-maps:17.0.0] AndroidManifest.xml:35:13-37
95
96        <activity
96-->[com.google.android.gms:play-services-base:17.0.0] AndroidManifest.xml:23:9-26:75
97            android:name="com.google.android.gms.common.api.GoogleApiActivity"
97-->[com.google.android.gms:play-services-base:17.0.0] AndroidManifest.xml:24:13-79
98            android:exported="false"
98-->[com.google.android.gms:play-services-base:17.0.0] AndroidManifest.xml:25:13-37
99            android:theme="@android:style/Theme.Translucent.NoTitleBar" />
99-->[com.google.android.gms:play-services-base:17.0.0] AndroidManifest.xml:26:13-72
100
101        <meta-data
101-->[com.google.android.gms:play-services-basement:17.0.0] AndroidManifest.xml:23:9-25:69
102            android:name="com.google.android.gms.version"
102-->[com.google.android.gms:play-services-basement:17.0.0] AndroidManifest.xml:24:13-58
103            android:value="@integer/google_play_services_version" />
103-->[com.google.android.gms:play-services-basement:17.0.0] AndroidManifest.xml:25:13-66
104    </application>
105
106</manifest>